Drill report for DMH_VCO_40106_PANEL.kicad_pcb
Created on 2024-09-16T17:50:33+0200

Copper Layer Stackup:
    =============================================================
    L1 :  F.Cu                      front
    L2 :  B.Cu                      back


Drill file 'DMH_VCO_40106_PANEL-PTH.drl' contains
    plated through holes:
    =============================================================
    T1  0.300mm  0.0118"  (72 holes)
    T2  1.000mm  0.0394"  (6 holes)  (with 6 slots)
    T3  2.400mm  0.0945"  (3 holes)
    T4  3.200mm  0.1260"  (4 holes)
    T5  6.200mm  0.2441"  (3 holes)

    Total plated holes count 88


Drill file 'DMH_VCO_40106_PANEL-NPTH.drl' contains
    unplated through holes:
    =============================================================
    T1  2.500mm  0.0984"  (4 holes)
    T2  3.100mm  0.1220"  (6 holes)

    Total unplated holes count 10
