Drill report for DMH_VCO_40106_PCB.kicad_pcb
Created on 2024-09-16T17:54:29+0200

Copper Layer Stackup:
    =============================================================
    L1 :  F.Cu                      front
    L2 :  B.Cu                      back


Drill file 'DMH_VCO_40106_PCB-PTH.drl' contains
    plated through holes:
    =============================================================
    T1  0.700mm  0.0276"  (12 holes)
    T2  0.750mm  0.0295"  (3 holes)
    T3  0.800mm  0.0315"  (324 holes)
    T4  0.900mm  0.0354"  (12 holes)
    T5  1.000mm  0.0394"  (53 holes)
    T6  1.100mm  0.0433"  (18 holes)  (with 12 slots)
    T7  1.500mm  0.0591"  (9 holes)

    Total plated holes count 431


Drill file 'DMH_VCO_40106_PCB-NPTH.drl' contains
    unplated through holes:
    =============================================================

    Total unplated holes count 0
